<?xml version="1.0" encoding="UTF-8"?>
<!-- Generated by org.testng.reporters.JUnitXMLReporter -->
<testsuite ignored="0" hostname="Vaibhav" failures="0" tests="1" name="chrome" time="3.567" errors="0" timestamp="2024-12-14T11:29:18 IST">
  <testcase classname="testBase.testBaseClass" name="@BeforeClass setUp" time="3.498">
    <failure type="java.io.FileNotFoundException" message="\OpenCart_Automation_Project_V001\src\test\resource\config.properties (The system cannot find the path specified)">
      <![CDATA[java.io.FileNotFoundException: \OpenCart_Automation_Project_V001\src\test\resource\config.properties (The system cannot find the path specified)
at java.base/java.io.FileInputStream.open0(Native Method)
at java.base/java.io.FileInputStream.open(FileInputStream.java:216)
at java.base/java.io.FileInputStream.<init>(FileInputStream.java:157)
at java.base/java.io.FileInputStream.<init>(FileInputStream.java:111)
at java.base/java.io.FileReader.<init>(FileReader.java:60)
at testBase.testBaseClass.setUp(testBaseClass.java:38)
at java.base/java.util.ArrayList.forEach(ArrayList.java:1511)
... Removed 25 stack frames]]>
    </failure>
  </testcase> <!-- @BeforeClass setUp -->
  <testcase classname="testBase.testBaseClass" name="@AfterClass tearDown" time="0.0">
    <skipped/>
  </testcase> <!-- @AfterClass tearDown -->
  <testcase classname="testCase.TC001_AccountRegistration" name="accountRegistration" time="0.0">
    <skipped/>
  </testcase> <!-- accountRegistration -->
</testsuite> <!-- chrome -->
